Added Component: Designator=C1(C_1206)
Added Component: Designator=C2(C_1206)
Added Component: Designator=C3(C_0805)
Added Component: Designator=C4(C_0805)
Added Component: Designator=C5(C_0805)
Added Component: Designator=C6(C_0603)
Added Component: Designator=C7(C_0603)
Added Component: Designator=C8(C_0603)
Added Component: Designator=C9(C_0603)
Added Component: Designator=C10(C_0603)
Added Component: Designator=C11(C_0805)
Added Component: Designator=C12(C_0805)
Added Component: Designator=C13(C_0805)
Added Component: Designator=C14(C_0603)
Added Component: Designator=C15(C_1206)
Added Component: Designator=C16(C_1206)
Added Component: Designator=C17(C_1206)
Added Component: Designator=C18(C_1206)
Added Component: Designator=C19(C_0805)
Added Component: Designator=C20(C_0805)
Added Component: Designator=C21(C_0603)
Added Component: Designator=C22(C_0603)
Added Component: Designator=C23(C_0603)
Added Component: Designator=C24(C_1206)
Added Component: Designator=C25(C_1206)
Added Component: Designator=C26(C_0805)
Added Component: Designator=C27(C_1210)
Added Component: Designator=C28(C_1210)
Added Component: Designator=C29(C_0603)
Added Component: Designator=C30(C_0603)
Added Component: Designator=C31(C_0603)
Added Component: Designator=C32(C_1206)
Added Component: Designator=C33(C_1206)
Added Component: Designator=C34(C_0603)
Added Component: Designator=C35(C_0603)
Added Component: Designator=C36(C_1206)
Added Component: Designator=C37(C_1206)
Added Component: Designator=C38(C_1210)
Added Component: Designator=C39(C_1210)
Added Component: Designator=C40(C_0603)
Added Component: Designator=C41(C_0805)
Added Component: Designator=C42(C_0603)
Added Component: Designator=D1(TVS_SMAJ_XA)
Added Component: Designator=D2(TVS_RCLAMP0521P)
Added Component: Designator=D3(TVS_RCLAMP0521P)
Added Component: Designator=D4(Led_0603)
Added Component: Designator=D5(Led_0603)
Added Component: Designator=D6(TVS_SMAJ_XA)
Added Component: Designator=D7(Led_0603)
Added Component: Designator=F1(Fuse1812)
Added Component: Designator=F2(Fuse1812)
Added Component: Designator=FB1(Ferrite bead 0805)
Added Component: Designator=FB2(Ferrite bead 0805)
Added Component: Designator=J1(USB_C_16Pin)
Added Component: Designator=J2(JST XH_7_2.5)
Added Component: Designator=J3(JST XH_3_2.5)
Added Component: Designator=J4(JST XH_7_2.5)
Added Component: Designator=J5(JST PH_2_2.0)
Added Component: Designator=J6(JST PH_2_2.0)
Added Component: Designator=J7(JST PH_2_2.0)
Added Component: Designator=J8(JST PH_2_2.0)
Added Component: Designator=L1(INDUCTOR 1040)
Added Component: Designator=L2(INDUCTOR 1040)
Added Component: Designator=L3(INDUCTOR 1040)
Added Component: Designator=Q1(SOT-23)
Added Component: Designator=R1(R_0603)
Added Component: Designator=R2(R_0603)
Added Component: Designator=R3(R_0805)
Added Component: Designator=R4(R_0805)
Added Component: Designator=R5(R_0805)
Added Component: Designator=R6(R_0603)
Added Component: Designator=R7(R_0603)
Added Component: Designator=R8(R_0603)
Added Component: Designator=R9(R_0603)
Added Component: Designator=R10(R_0603)
Added Component: Designator=R11(R_0603)
Added Component: Designator=R12(R_0603)
Added Component: Designator=R13(R_0603)
Added Component: Designator=R14(R_0603)
Added Component: Designator=R15(R_0603)
Added Component: Designator=R16(R_0603)
Added Component: Designator=R17(R_0603)
Added Component: Designator=R18(R_0603)
Added Component: Designator=R19(R_0603)
Added Component: Designator=R20(R_0805)
Added Component: Designator=R21(R_0805)
Added Component: Designator=R22(R_0603)
Added Component: Designator=R23(R_0603)
Added Component: Designator=R24(R_0603)
Added Component: Designator=R25(R_0603)
Added Component: Designator=R26(R_0603)
Added Component: Designator=R27(R_0603)
Added Component: Designator=R28(R_0603)
Added Component: Designator=R29(R_0603)
Added Component: Designator=R30(R_0603)
Added Component: Designator=R31(R_0603)
Added Component: Designator=R32(R_0603)
Added Component: Designator=R33(R_0603)
Added Component: Designator=R34(R_0805)
Added Component: Designator=R35(R_0805)
Added Component: Designator=R36(R_0603)
Added Component: Designator=R37(R_0603)
Added Component: Designator=R38(R_0603)
Added Component: Designator=S1(TCRT5000)
Added Component: Designator=S2(TCRT5000)
Added Component: Designator=S3(TCRT5000)
Added Component: Designator=SW1(Slide_SW_SS12F23G4)
Added Component: Designator=U1(IP2326_QFN_24)
Added Component: Designator=U2(HY2120)
Added Component: Designator=U3(FS8205A)
Added Component: Designator=U4(MCP6004_SOIC)
Added Component: Designator=U5(DRV8833PWPR)
Added Component: Designator=U6(TPS54202DDCR)
Added Component: Designator=U7(DRV8833PWPR)
Added Component: Designator=U8(TPS54202DDCR)
Added Pin To Net: NetName=GND Pin=C1-1
Added Pin To Net: NetName=+5V SYS Pin=C1-2
Added Pin To Net: NetName=GND Pin=C2-1
Added Pin To Net: NetName=+5V SYS Pin=C2-2
Added Pin To Net: NetName=GND Pin=C3-1
Added Pin To Net: NetName=IP VIN Pin=C3-2
Added Pin To Net: NetName=GND Pin=C4-1
Added Pin To Net: NetName=BAT+ Pin=C4-2
Added Pin To Net: NetName=GND Pin=C5-1
Added Pin To Net: NetName=BAT+ Pin=C5-2
Added Pin To Net: NetName=GND Pin=C6-1
Added Pin To Net: NetName=BAT+ Pin=C6-2
Added Pin To Net: NetName=GND Pin=C7-1
Added Pin To Net: NetName=BATM Pin=C7-2
Added Pin To Net: NetName=IP BST Pin=C8-1
Added Pin To Net: NetName=IP LX Pin=C8-2
Added Pin To Net: NetName=BAT- Pin=C9-1
Added Pin To Net: NetName=BAT+ Pin=C9-2
Added Pin To Net: NetName=BAT- Pin=C10-1
Added Pin To Net: NetName=BATM Pin=C10-2
Added Pin To Net: NetName=GND Pin=C11-1
Added Pin To Net: NetName=+5V SYS Pin=C11-2
Added Pin To Net: NetName=GND Pin=C12-1
Added Pin To Net: NetName=IP VSYS Pin=C12-2
Added Pin To Net: NetName=GND Pin=C13-1
Added Pin To Net: NetName=IP VSYS Pin=C13-2
Added Pin To Net: NetName=+3V3 SENSOR Pin=C14-1
Added Pin To Net: NetName=GND Pin=C14-2
Added Pin To Net: NetName=GND Pin=C15-1
Added Pin To Net: NetName=+VBAT Pin=C15-2
Added Pin To Net: NetName=GND Pin=C16-1
Added Pin To Net: NetName=+VBAT Pin=C16-2
Added Pin To Net: NetName=GND Pin=C17-1
Added Pin To Net: NetName=+5V Pin=C17-2
Added Pin To Net: NetName=L DRV VCP Pin=C18-1
Added Pin To Net: NetName=+5V Pin=C18-2
Added Pin To Net: NetName=GND Pin=C19-1
Added Pin To Net: NetName=+3V3 Pin=C19-2
Added Pin To Net: NetName=GND Pin=C20-1
Added Pin To Net: NetName=+3V3 SENSOR Pin=C20-2
Added Pin To Net: NetName=GND Pin=C21-1
Added Pin To Net: NetName=IR OUT1 Pin=C21-2
Added Pin To Net: NetName=BUCK1 SW Pin=C22-1
Added Pin To Net: NetName=BUCK1 BOOT Pin=C22-2
Added Pin To Net: NetName=GND Pin=C23-1
Added Pin To Net: NetName=IR OUT2 Pin=C23-2
Added Pin To Net: NetName=GND Pin=C24-1
Added Pin To Net: NetName=+VBAT Pin=C24-2
Added Pin To Net: NetName=GND Pin=C25-1
Added Pin To Net: NetName=+VBAT Pin=C25-2
Added Pin To Net: NetName=L DRV VINT Pin=C26-1
Added Pin To Net: NetName=GND Pin=C26-2
Added Pin To Net: NetName=GND Pin=C27-1
Added Pin To Net: NetName=+5V Pin=C27-2
Added Pin To Net: NetName=+5V Pin=C28-1
Added Pin To Net: NetName=GND Pin=C28-2
Added Pin To Net: NetName=+5V Pin=C29-1
Added Pin To Net: NetName=BUCK1 FB Pin=C29-2
Added Pin To Net: NetName=IR1 A Pin=C30-1
Added Pin To Net: NetName=GND Pin=C30-2
Added Pin To Net: NetName=GND Pin=C31-1
Added Pin To Net: NetName=IR OUT3 Pin=C31-2
Added Pin To Net: NetName=GND Pin=C32-1
Added Pin To Net: NetName=+5V Pin=C32-2
Added Pin To Net: NetName=R DRV VCP Pin=C33-1
Added Pin To Net: NetName=+5V Pin=C33-2
Added Pin To Net: NetName=BUCK2 SW Pin=C34-1
Added Pin To Net: NetName=BUCK2 BOOT Pin=C34-2
Added Pin To Net: NetName=IR2 A Pin=C35-1
Added Pin To Net: NetName=GND Pin=C35-2
Added Pin To Net: NetName=GND Pin=C36-1
Added Pin To Net: NetName=+VBAT Pin=C36-2
Added Pin To Net: NetName=GND Pin=C37-1
Added Pin To Net: NetName=+VBAT Pin=C37-2
Added Pin To Net: NetName=GND Pin=C38-1
Added Pin To Net: NetName=+3V3 Pin=C38-2
Added Pin To Net: NetName=+3V3 Pin=C39-1
Added Pin To Net: NetName=GND Pin=C39-2
Added Pin To Net: NetName=+3V3 Pin=C40-1
Added Pin To Net: NetName=BUCK2 FB Pin=C40-2
Added Pin To Net: NetName=R DRV VINT Pin=C41-1
Added Pin To Net: NetName=GND Pin=C41-2
Added Pin To Net: NetName=IR3 A Pin=C42-1
Added Pin To Net: NetName=GND Pin=C42-2
Added Pin To Net: NetName=+5V USB Pin=D1-1
Added Pin To Net: NetName=GND Pin=D1-2
Added Pin To Net: NetName=GND Pin=D2-1
Added Pin To Net: NetName=USB_D_N Pin=D2-2
Added Pin To Net: NetName=GND Pin=D3-1
Added Pin To Net: NetName=USB_D_P Pin=D3-2
Added Pin To Net: NetName=GND Pin=D4-1
Added Pin To Net: NetName=NetD4_2 Pin=D4-2
Added Pin To Net: NetName=GND Pin=D5-1
Added Pin To Net: NetName=NetD5_2 Pin=D5-2
Added Pin To Net: NetName=+VBAT Pin=D6-1
Added Pin To Net: NetName=GND Pin=D6-2
Added Pin To Net: NetName=GND Pin=D7-1
Added Pin To Net: NetName=NetD7_2 Pin=D7-2
Added Pin To Net: NetName=+5V USB Pin=F1-1
Added Pin To Net: NetName=+5V SYS Pin=F1-2
Added Pin To Net: NetName=BAT+ Pin=F2-1
Added Pin To Net: NetName=SW IN Pin=F2-2
Added Pin To Net: NetName=GND Pin=FB1-1
Added Pin To Net: NetName=USB SHIELD Pin=FB1-2
Added Pin To Net: NetName=+3V3 SENSOR Pin=FB2-1
Added Pin To Net: NetName=+3V3 Pin=FB2-2
Added Pin To Net: NetName=GND Pin=J1-A1_B12
Added Pin To Net: NetName=+5V USB Pin=J1-A4_B9
Added Pin To Net: NetName=USB CC1 Pin=J1-A5
Added Pin To Net: NetName=USB_D_P Pin=J1-A6
Added Pin To Net: NetName=USB_D_N Pin=J1-A7
Added Pin To Net: NetName=GND Pin=J1-B1_A12
Added Pin To Net: NetName=+5V USB Pin=J1-B4_A9
Added Pin To Net: NetName=USB CC2 Pin=J1-B5
Added Pin To Net: NetName=USB_D_P Pin=J1-B6
Added Pin To Net: NetName=USB_D_N Pin=J1-B7
Added Pin To Net: NetName=USB SHIELD Pin=J1-S1
Added Pin To Net: NetName=USB SHIELD Pin=J1-S2
Added Pin To Net: NetName=USB SHIELD Pin=J1-S3
Added Pin To Net: NetName=USB SHIELD Pin=J1-S4
Added Pin To Net: NetName=+3V3 Pin=J2-1
Added Pin To Net: NetName=GND Pin=J2-2
Added Pin To Net: NetName=L DRV IN1 Pin=J2-3
Added Pin To Net: NetName=L DRV IN2 Pin=J2-4
Added Pin To Net: NetName=L DRV NSLP Pin=J2-5
Added Pin To Net: NetName=IR SW Pin=J2-6
Added Pin To Net: NetName=IR OUT1 Pin=J2-7
Added Pin To Net: NetName=BAT+ Pin=J3-1
Added Pin To Net: NetName=BATM Pin=J3-2
Added Pin To Net: NetName=BAT- Pin=J3-3
Added Pin To Net: NetName=+3V3 Pin=J4-1
Added Pin To Net: NetName=GND Pin=J4-2
Added Pin To Net: NetName=R DRV IN1 Pin=J4-3
Added Pin To Net: NetName=R DRV IN2 Pin=J4-4
Added Pin To Net: NetName=R DRV NSLP Pin=J4-5
Added Pin To Net: NetName=IR OUT2 Pin=J4-6
Added Pin To Net: NetName=IR OUT3 Pin=J4-7
Added Pin To Net: NetName=L DRV AOUT1 Pin=J5-1
Added Pin To Net: NetName=L DRV AOUT2 Pin=J5-2
Added Pin To Net: NetName=L DRV BOUT1 Pin=J6-1
Added Pin To Net: NetName=L DRV BOUT2 Pin=J6-2
Added Pin To Net: NetName=R DRV AOUT1 Pin=J7-1
Added Pin To Net: NetName=R DRV AOUT2 Pin=J7-2
Added Pin To Net: NetName=R DRV BOUT1 Pin=J8-1
Added Pin To Net: NetName=R DRV BOUT2 Pin=J8-2
Added Pin To Net: NetName=+5V SYS Pin=L1-1
Added Pin To Net: NetName=IP LX Pin=L1-2
Added Pin To Net: NetName=BUCK1 SW Pin=L2-1
Added Pin To Net: NetName=+5V Pin=L2-2
Added Pin To Net: NetName=BUCK2 SW Pin=L3-1
Added Pin To Net: NetName=+3V3 Pin=L3-2
Added Pin To Net: NetName=IR SW Pin=Q1-1
Added Pin To Net: NetName=+3V3 SENSOR Pin=Q1-2
Added Pin To Net: NetName=POWER IR LED Pin=Q1-3
Added Pin To Net: NetName=IP VIN Pin=R1-1
Added Pin To Net: NetName=+5V SYS Pin=R1-2
Added Pin To Net: NetName=+5V SYS Pin=R2-1
Added Pin To Net: NetName=GND Pin=R2-2
Added Pin To Net: NetName=HY VDD Pin=R3-1
Added Pin To Net: NetName=BAT+ Pin=R3-2
Added Pin To Net: NetName=HY VC Pin=R4-1
Added Pin To Net: NetName=BATM Pin=R4-2
Added Pin To Net: NetName=GND Pin=R5-1
Added Pin To Net: NetName=HY CS Pin=R5-2
Added Pin To Net: NetName=GND Pin=R6-1
Added Pin To Net: NetName=IP ISET Pin=R6-2
Added Pin To Net: NetName=GND Pin=R7-1
Added Pin To Net: NetName=IP VSET Pin=R7-2
Added Pin To Net: NetName=GND Pin=R8-1
Added Pin To Net: NetName=IP TSET Pin=R8-2
Added Pin To Net: NetName=GND Pin=R9-1
Added Pin To Net: NetName=IP UVSET Pin=R9-2
Added Pin To Net: NetName=GND Pin=R10-1
Added Pin To Net: NetName=IP OVSET Pin=R10-2
Added Pin To Net: NetName=GND Pin=R11-1
Added Pin To Net: NetName=IP NTC Pin=R11-2
Added Pin To Net: NetName=GND Pin=R12-1
Added Pin To Net: NetName=USB CC1 Pin=R12-2
Added Pin To Net: NetName=GND Pin=R13-1
Added Pin To Net: NetName=USB CC2 Pin=R13-2
Added Pin To Net: NetName=IP BAT ST Pin=R14-1
Added Pin To Net: NetName=NetD4_2 Pin=R14-2
Added Pin To Net: NetName=IP LED Pin=R15-1
Added Pin To Net: NetName=NetD5_2 Pin=R15-2
Added Pin To Net: NetName=NetD7_2 Pin=R16-1
Added Pin To Net: NetName=+VBAT Pin=R16-2
Added Pin To Net: NetName=IR OUT1 Pin=R17-1
Added Pin To Net: NetName=OUTA Pin=R17-2
Added Pin To Net: NetName=OUTA Pin=R18-1
Added Pin To Net: NetName=INA- Pin=R18-2
Added Pin To Net: NetName=L DRV NFLT Pin=R19-1
Added Pin To Net: NetName=+3V3 Pin=R19-2
Added Pin To Net: NetName=L DRV AISEN Pin=R20-1
Added Pin To Net: NetName=GND Pin=R20-2
Added Pin To Net: NetName=L DRV BISEN Pin=R21-1
Added Pin To Net: NetName=GND Pin=R21-2
Added Pin To Net: NetName=IR OUT2 Pin=R22-1
Added Pin To Net: NetName=OUTB Pin=R22-2
Added Pin To Net: NetName=OUTB Pin=R23-1
Added Pin To Net: NetName=INB- Pin=R23-2
Added Pin To Net: NetName=IR1 A Pin=R24-1
Added Pin To Net: NetName=POWER IR LED Pin=R24-2
Added Pin To Net: NetName=+3V3 SENSOR Pin=R25-1
Added Pin To Net: NetName=IR1 C Pin=R25-2
Added Pin To Net: NetName=+5V Pin=R26-1
Added Pin To Net: NetName=BUCK1 FB Pin=R26-2
Added Pin To Net: NetName=IR OUT3 Pin=R27-1
Added Pin To Net: NetName=OUTC Pin=R27-2
Added Pin To Net: NetName=GND Pin=R28-1
Added Pin To Net: NetName=BUCK1 FB Pin=R28-2
Added Pin To Net: NetName=OUTC Pin=R29-1
Added Pin To Net: NetName=INC- Pin=R29-2
Added Pin To Net: NetName=IR2 A Pin=R30-1
Added Pin To Net: NetName=POWER IR LED Pin=R30-2
Added Pin To Net: NetName=+3V3 SENSOR Pin=R31-1
Added Pin To Net: NetName=IR2 C Pin=R31-2
Added Pin To Net: NetName=R DRV NFLT Pin=R32-1
Added Pin To Net: NetName=+3V3 Pin=R32-2
Added Pin To Net: NetName=+3V3 Pin=R33-1
Added Pin To Net: NetName=BUCK2 FB Pin=R33-2
Added Pin To Net: NetName=R DRV AISEN Pin=R34-1
Added Pin To Net: NetName=GND Pin=R34-2
Added Pin To Net: NetName=R DRV BISEN Pin=R35-1
Added Pin To Net: NetName=GND Pin=R35-2
Added Pin To Net: NetName=GND Pin=R36-1
Added Pin To Net: NetName=BUCK2 FB Pin=R36-2
Added Pin To Net: NetName=IR3 A Pin=R37-1
Added Pin To Net: NetName=POWER IR LED Pin=R37-2
Added Pin To Net: NetName=+3V3 SENSOR Pin=R38-1
Added Pin To Net: NetName=IR3 C Pin=R38-2
Added Pin To Net: NetName=IR1 A Pin=S1-A
Added Pin To Net: NetName=GND Pin=S1-CATH
Added Pin To Net: NetName=IR1 C Pin=S1-COLL
Added Pin To Net: NetName=GND Pin=S1-E
Added Pin To Net: NetName=IR2 A Pin=S2-A
Added Pin To Net: NetName=GND Pin=S2-CATH
Added Pin To Net: NetName=IR2 C Pin=S2-COLL
Added Pin To Net: NetName=GND Pin=S2-E
Added Pin To Net: NetName=IR3 A Pin=S3-A
Added Pin To Net: NetName=GND Pin=S3-CATH
Added Pin To Net: NetName=IR3 C Pin=S3-COLL
Added Pin To Net: NetName=GND Pin=S3-E
Added Pin To Net: NetName=SW IN Pin=SW1-2
Added Pin To Net: NetName=+VBAT Pin=SW1-3
Added Pin To Net: NetName=GND Pin=SW1-SH
Added Pin To Net: NetName=GND Pin=SW1-SH
Added Pin To Net: NetName=USB_D_N Pin=U1-1
Added Pin To Net: NetName=USB_D_P Pin=U1-2
Added Pin To Net: NetName=IP VSET Pin=U1-3
Added Pin To Net: NetName=IP NTC Pin=U1-4
Added Pin To Net: NetName=IP BAT ST Pin=U1-5
Added Pin To Net: NetName=IP LED Pin=U1-6
Added Pin To Net: NetName=IP TSET Pin=U1-7
Added Pin To Net: NetName=IP UVSET Pin=U1-8
Added Pin To Net: NetName=IP OVSET Pin=U1-9
Added Pin To Net: NetName=IP ISET Pin=U1-11
Added Pin To Net: NetName=+5V SYS Pin=U1-12
Added Pin To Net: NetName=IP VIN Pin=U1-13
Added Pin To Net: NetName=IP BST Pin=U1-14
Added Pin To Net: NetName=IP LX Pin=U1-15
Added Pin To Net: NetName=IP LX Pin=U1-16
Added Pin To Net: NetName=IP LX Pin=U1-17
Added Pin To Net: NetName=GND Pin=U1-18
Added Pin To Net: NetName=IP VSYS Pin=U1-19
Added Pin To Net: NetName=IP VSYS Pin=U1-20
Added Pin To Net: NetName=BAT+ Pin=U1-21
Added Pin To Net: NetName=BAT+ Pin=U1-22
Added Pin To Net: NetName=BATM Pin=U1-23
Added Pin To Net: NetName=GND Pin=U1-24
Added Pin To Net: NetName=HY OD Pin=U2-1
Added Pin To Net: NetName=HY OC Pin=U2-2
Added Pin To Net: NetName=HY CS Pin=U2-3
Added Pin To Net: NetName=HY VC Pin=U2-4
Added Pin To Net: NetName=HY VDD Pin=U2-5
Added Pin To Net: NetName=BAT- Pin=U2-6
Added Pin To Net: NetName=NetU3_1 Pin=U3-1
Added Pin To Net: NetName=GND Pin=U3-2
Added Pin To Net: NetName=GND Pin=U3-3
Added Pin To Net: NetName=HY OC Pin=U3-4
Added Pin To Net: NetName=HY OD Pin=U3-5
Added Pin To Net: NetName=BAT- Pin=U3-6
Added Pin To Net: NetName=BAT- Pin=U3-7
Added Pin To Net: NetName=NetU3_1 Pin=U3-8
Added Pin To Net: NetName=OUTA Pin=U4-1
Added Pin To Net: NetName=INA- Pin=U4-2
Added Pin To Net: NetName=IR1 C Pin=U4-3
Added Pin To Net: NetName=+3V3 SENSOR Pin=U4-4
Added Pin To Net: NetName=IR2 C Pin=U4-5
Added Pin To Net: NetName=INB- Pin=U4-6
Added Pin To Net: NetName=OUTB Pin=U4-7
Added Pin To Net: NetName=OUTC Pin=U4-8
Added Pin To Net: NetName=INC- Pin=U4-9
Added Pin To Net: NetName=IR3 C Pin=U4-10
Added Pin To Net: NetName=GND Pin=U4-11
Added Pin To Net: NetName=GND Pin=U4-12
Added Pin To Net: NetName=GND Pin=U4-13
Added Pin To Net: NetName=L DRV NSLP Pin=U5-1
Added Pin To Net: NetName=L DRV AOUT1 Pin=U5-2
Added Pin To Net: NetName=L DRV AISEN Pin=U5-3
Added Pin To Net: NetName=L DRV AOUT2 Pin=U5-4
Added Pin To Net: NetName=L DRV BOUT2 Pin=U5-5
Added Pin To Net: NetName=L DRV BISEN Pin=U5-6
Added Pin To Net: NetName=L DRV BOUT1 Pin=U5-7
Added Pin To Net: NetName=L DRV NFLT Pin=U5-8
Added Pin To Net: NetName=L DRV IN1 Pin=U5-9
Added Pin To Net: NetName=L DRV IN2 Pin=U5-10
Added Pin To Net: NetName=L DRV VCP Pin=U5-11
Added Pin To Net: NetName=+5V Pin=U5-12
Added Pin To Net: NetName=GND Pin=U5-13
Added Pin To Net: NetName=L DRV VINT Pin=U5-14
Added Pin To Net: NetName=L DRV IN2 Pin=U5-15
Added Pin To Net: NetName=L DRV IN1 Pin=U5-16
Added Pin To Net: NetName=GND Pin=U5-17
Added Pin To Net: NetName=GND Pin=U6-1
Added Pin To Net: NetName=BUCK1 SW Pin=U6-2
Added Pin To Net: NetName=+VBAT Pin=U6-3
Added Pin To Net: NetName=BUCK1 FB Pin=U6-4
Added Pin To Net: NetName=BUCK1 BOOT Pin=U6-6
Added Pin To Net: NetName=R DRV NSLP Pin=U7-1
Added Pin To Net: NetName=R DRV AOUT1 Pin=U7-2
Added Pin To Net: NetName=R DRV AISEN Pin=U7-3
Added Pin To Net: NetName=R DRV AOUT2 Pin=U7-4
Added Pin To Net: NetName=R DRV BOUT2 Pin=U7-5
Added Pin To Net: NetName=R DRV BISEN Pin=U7-6
Added Pin To Net: NetName=R DRV BOUT1 Pin=U7-7
Added Pin To Net: NetName=R DRV NFLT Pin=U7-8
Added Pin To Net: NetName=R DRV IN1 Pin=U7-9
Added Pin To Net: NetName=R DRV IN2 Pin=U7-10
Added Pin To Net: NetName=R DRV VCP Pin=U7-11
Added Pin To Net: NetName=+5V Pin=U7-12
Added Pin To Net: NetName=GND Pin=U7-13
Added Pin To Net: NetName=R DRV VINT Pin=U7-14
Added Pin To Net: NetName=R DRV IN2 Pin=U7-15
Added Pin To Net: NetName=R DRV IN1 Pin=U7-16
Added Pin To Net: NetName=GND Pin=U7-17
Added Pin To Net: NetName=GND Pin=U8-1
Added Pin To Net: NetName=BUCK2 SW Pin=U8-2
Added Pin To Net: NetName=+VBAT Pin=U8-3
Added Pin To Net: NetName=BUCK2 FB Pin=U8-4
Added Pin To Net: NetName=BUCK2 BOOT Pin=U8-6
Added Rule: Name=Schematic Supply Nets
Added Rule: Name=Schematic Supply Nets_1
Added Rule: Name=Schematic Supply Nets_2
Added Rule: Name=Schematic Supply Nets_3
Added Rule: Name=Schematic Supply Nets_4
Added Rule: Name=Schematic Supply Nets_5
Added Rule: Name=Schematic Supply Nets_6
