Added Component: Designator=U1(IP2326_QFN_24)
Add Pin To Net: Unknown Pin: Pin J3-1
Add Pin To Net: Unknown Pin: Pin J3-2
Add Pin To Net: Unknown Pin: Pin J3-3
Add Pin To Net: Unknown Pin: Pin J3-4
Added Pin To Net: NetName=USB_D_N Pin=U1-1
Added Pin To Net: NetName=USB_D_P Pin=U1-2
Added Pin To Net: NetName=IP VSET Pin=U1-3
Added Pin To Net: NetName=IP NTC Pin=U1-4
Added Pin To Net: NetName=IP BAT ST Pin=U1-5
Added Pin To Net: NetName=IP LED Pin=U1-6
Added Pin To Net: NetName=IP TSET Pin=U1-7
Added Pin To Net: NetName=IP UVSET Pin=U1-8
Added Pin To Net: NetName=IP OVSET Pin=U1-9
Added Pin To Net: NetName=IP ISET Pin=U1-11
Added Pin To Net: NetName=+5V SYS Pin=U1-12
Added Pin To Net: NetName=IP VIN Pin=U1-13
Added Pin To Net: NetName=IP BST Pin=U1-14
Added Pin To Net: NetName=IP LX Pin=U1-15
Added Pin To Net: NetName=IP LX Pin=U1-16
Added Pin To Net: NetName=IP LX Pin=U1-17
Added Pin To Net: NetName=GND Pin=U1-18
Added Pin To Net: NetName=IP VSYS Pin=U1-19
Added Pin To Net: NetName=IP VSYS Pin=U1-20
Added Pin To Net: NetName=BAT+ Pin=U1-21
Added Pin To Net: NetName=BAT+ Pin=U1-22
Added Pin To Net: NetName=BATM Pin=U1-23
Added Pin To Net: NetName=GND Pin=U1-24
Added Pin To Net: NetName=GND Pin=U1-GND
