Added Component: Designator=C1(C_1206)
Added Component: Designator=C2(C_1206)
Added Component: Designator=C3(C_1206)
Added Component: Designator=C4(C_0805)
Added Component: Designator=C5(C_0805)
Added Component: Designator=C6(C_0805)
Added Component: Designator=C7(C_0805)
Added Component: Designator=C8(C_0603)
Added Component: Designator=D1(DiodeS54)
Added Component: Designator=D2(Led_0603)
Added Component: Designator=D3(Led_0603)
Added Component: Designator=J1(JST XH_2_2.5)
Added Component: Designator=L1(Inductor0630)
Added Component: Designator=R1(R_1206)
Added Component: Designator=R2(R_1206)
Added Component: Designator=R3(R_1206)
Added Component: Designator=R4(R_1206)
Added Component: Designator=R5(R_0603)
Added Component: Designator=R6(R_0603)
Added Component: Designator=R7(R_0603)
Added Component: Designator=U1(QFN65P400X400X90-17N)
Add component (AddParameter): Name = "Availability"; Value = "Not in stock"; VariantName = "[No Variations]"
Add component (AddParameter): Name = "Check_prices"; Value = "https://www.snapeda.com/parts/TP5100/NanJing+Top+Power+ASIC+Corp./view-part/?ref=eda"; VariantName = "[No Variations]"
Add component (AddParameter): Name = "MF"; Value = "NanJing Top Power ASIC Corp."; VariantName = "[No Variations]"
Add component (AddParameter): Name = "MP"; Value = "TP5100"; VariantName = "[No Variations]"
Add component (AddParameter): Name = "Package"; Value = "Package"; VariantName = "[No Variations]"
Add component (AddParameter): Name = "Price"; Value = "None"; VariantName = "[No Variations]"
Add component (AddParameter): Name = "SnapEDA_Link"; Value = "https://www.snapeda.com/parts/TP5100/NanJing+Top+Power+ASIC+Corp./view-part/?ref=snap"; VariantName = "[No Variations]"
Add component (AddParameter): Name = "Value"; Value = ""; VariantName = "[No Variations]"
Added Pin To Net: NetName=GND Pin=C1-1
Added Pin To Net: NetName=NetC1_2 Pin=C1-2
Added Pin To Net: NetName=GND Pin=C2-1
Added Pin To Net: NetName=NetC1_2 Pin=C2-2
Added Pin To Net: NetName=GND Pin=C3-1
Added Pin To Net: NetName=NetC3_2 Pin=C3-2
Added Pin To Net: NetName=GND Pin=C4-1
Added Pin To Net: NetName=NetC4_2 Pin=C4-2
Added Pin To Net: NetName=GND Pin=C5-1
Added Pin To Net: NetName=NetC4_2 Pin=C5-2
Added Pin To Net: NetName=GND Pin=C6-1
Added Pin To Net: NetName=NetC6_2 Pin=C6-2
Added Pin To Net: NetName=GND Pin=C7-1
Added Pin To Net: NetName=NetC6_2 Pin=C7-2
Added Pin To Net: NetName=GND Pin=C8-1
Added Pin To Net: NetName=NetC8_2 Pin=C8-2
Added Pin To Net: NetName=NetD1_1 Pin=D1-1
Added Pin To Net: NetName=GND Pin=D1-2
Added Pin To Net: NetName=NetD2_1 Pin=D2-1
Added Pin To Net: NetName=NetD2_2 Pin=D2-2
Added Pin To Net: NetName=NetD3_1 Pin=D3-1
Added Pin To Net: NetName=NetD3_2 Pin=D3-2
Added Pin To Net: NetName=NetC6_2 Pin=J1-1
Added Pin To Net: NetName=GND Pin=J1-2
Added Pin To Net: NetName=NetD1_1 Pin=L1-1
Added Pin To Net: NetName=NetC4_2 Pin=L1-2
Added Pin To Net: NetName=+12V Pin=R1-1
Added Pin To Net: NetName=NetC1_2 Pin=R1-2
Added Pin To Net: NetName=+12V Pin=R2-1
Added Pin To Net: NetName=NetC1_2 Pin=R2-2
Added Pin To Net: NetName=NetC4_2 Pin=R3-1
Added Pin To Net: NetName=NetC6_2 Pin=R3-2
Added Pin To Net: NetName=NetC3_2 Pin=R4-1
Added Pin To Net: NetName=NetD1_1 Pin=R4-2
Added Pin To Net: NetName=GND Pin=R5-1
Added Pin To Net: NetName=NetR5_2 Pin=R5-2
Added Pin To Net: NetName=NetC1_2 Pin=R6-1
Added Pin To Net: NetName=NetD2_2 Pin=R6-2
Added Pin To Net: NetName=NetC1_2 Pin=R7-1
Added Pin To Net: NetName=NetD3_2 Pin=R7-2
Added Pin To Net: NetName=NetC1_2 Pin=U1-1
Added Pin To Net: NetName=NetD1_1 Pin=U1-2
Added Pin To Net: NetName=NetD1_1 Pin=U1-3
Added Pin To Net: NetName=NetC1_2 Pin=U1-4
Added Pin To Net: NetName=NetC1_2 Pin=U1-5
Added Pin To Net: NetName=GND Pin=U1-7
Added Pin To Net: NetName=NetC4_2 Pin=U1-8
Added Pin To Net: NetName=NetC6_2 Pin=U1-9
Added Pin To Net: NetName=NetC8_2 Pin=U1-10
Added Pin To Net: NetName=GND Pin=U1-11
Added Pin To Net: NetName=NetR5_2 Pin=U1-12
Added Pin To Net: NetName=NetC8_2 Pin=U1-13
Added Pin To Net: NetName=NetD3_1 Pin=U1-14
Added Pin To Net: NetName=NetD2_1 Pin=U1-15
Added Pin To Net: NetName=NetC1_2 Pin=U1-16
Added Pin To Net: NetName=GND Pin=U1-17
Added Member To Class: ClassName=TrackCommanderCar_Schem Member=Component C1 10uF
Added Member To Class: ClassName=TrackCommanderCar_Schem Member=Component C2 0.1uF
Added Member To Class: ClassName=TrackCommanderCar_Schem Member=Component C3 0.1nF
Added Member To Class: ClassName=TrackCommanderCar_Schem Member=Component C4 0.1uF
Added Member To Class: ClassName=TrackCommanderCar_Schem Member=Component C5 10uF
Added Member To Class: ClassName=TrackCommanderCar_Schem Member=Component C6 0.1uF
Added Member To Class: ClassName=TrackCommanderCar_Schem Member=Component C7 10uF
Added Member To Class: ClassName=TrackCommanderCar_Schem Member=Component C8 0.1uF
Added Member To Class: ClassName=TrackCommanderCar_Schem Member=Component D1 SS54
Added Member To Class: ClassName=TrackCommanderCar_Schem Member=Component D2
Added Member To Class: ClassName=TrackCommanderCar_Schem Member=Component D3
Added Member To Class: ClassName=TrackCommanderCar_Schem Member=Component J1 BAT Header
Added Member To Class: ClassName=TrackCommanderCar_Schem Member=Component L1 10uH
Added Member To Class: ClassName=TrackCommanderCar_Schem Member=Component R1 0.4
Added Member To Class: ClassName=TrackCommanderCar_Schem Member=Component R2 0.4
Added Member To Class: ClassName=TrackCommanderCar_Schem Member=Component R3 Res1206
Added Member To Class: ClassName=TrackCommanderCar_Schem Member=Component R4 3
Added Member To Class: ClassName=TrackCommanderCar_Schem Member=Component R5 50K
Added Member To Class: ClassName=TrackCommanderCar_Schem Member=Component R6 2K
Added Member To Class: ClassName=TrackCommanderCar_Schem Member=Component R7 2K
Added Member To Class: ClassName=TrackCommanderCar_Schem Member=Component U1 TP5100
